Build started 20/5/2015 8:46:36 AM.
     1>Project "C:\Users\Jun Xiang\Documents\AdvDataStruct\Lab\Lab05\Lab05\Lab05.vcxproj" on node 2 (build target(s)).
     1>InitializeBuildStatus:
         Creating "Debug\Lab05.unsuccessfulbuild" because "AlwaysCreate" was specified.
       ClCompile:
         C:\Program Files (x86)\Microsoft Visual Studio 10.0\VC\bin\CL.exe /c /ZI /nologo /W3 /WX- /Od /Oy- /D WIN32 /D _DEBUG /D _CONSOLE /D _UNICODE /D UNICODE /Gm /EHsc /RTC1 /MDd /GS /fp:precise /Zc:wchar_t /Zc:forScope /Fo"Debug\\" /Fd"Debug\vc100.pdb" /Gd /TP /analyze- /errorReport:prompt main.cpp
         main.cpp
     1>c:\users\jun xiang\documents\advdatastruct\lab\lab05\lab05\main.cpp(38): warning C4101: 'value' : unreferenced local variable
       ManifestResourceCompile:
         All outputs are up-to-date.
       Link:
         C:\Program Files (x86)\Microsoft Visual Studio 10.0\VC\bin\link.exe /ERRORREPORT:PROMPT /OUT:"C:\Users\Jun Xiang\Documents\AdvDataStruct\Lab\Lab05\Debug\Lab05.exe" /INCREMENTAL /NOLOGO kernel32.lib user32.lib gdi32.lib winspool.lib comdlg32.lib advapi32.lib shell32.lib ole32.lib oleaut32.lib uuid.lib odbc32.lib odbccp32.lib /MANIFEST /ManifestFile:"Debug\Lab05.exe.intermediate.manifest" /MANIFESTUAC:"level='asInvoker' uiAccess='false'" /DEBUG /PDB:"C:\Users\Jun Xiang\Documents\AdvDataStruct\Lab\Lab05\Debug\Lab05.pdb" /SUBSYSTEM:CONSOLE /TLBID:1 /DYNAMICBASE /NXCOMPAT /IMPLIB:"C:\Users\Jun Xiang\Documents\AdvDataStruct\Lab\Lab05\Debug\Lab05.lib" /MACHINE:X86 Debug\Lab05.exe.embed.manifest.res
         Debug\main.obj
       Manifest:
         C:\Program Files (x86)\Microsoft SDKs\Windows\v7.0A\bin\mt.exe /nologo /verbose /out:"Debug\Lab05.exe.embed.manifest" /manifest Debug\Lab05.exe.intermediate.manifest
         All outputs are up-to-date.
       LinkEmbedManifest:
         All outputs are up-to-date.
         Lab05.vcxproj -> C:\Users\Jun Xiang\Documents\AdvDataStruct\Lab\Lab05\Debug\Lab05.exe
       FinalizeBuildStatus:
         Deleting file "Debug\Lab05.unsuccessfulbuild".
         Touching "Debug\Lab05.lastbuildstate".
     1>Done Building Project "C:\Users\Jun Xiang\Documents\AdvDataStruct\Lab\Lab05\Lab05\Lab05.vcxproj" (build target(s)).

Build succeeded.

Time Elapsed 00:00:00.68
